UploadApp/app/build/intermediates/manifest_merge_blame_file/debug/manifest-merger-blame-debug-report.txt
1<?xml version="1.0" encoding="utf-8"?>
2<manifest xmlns:android="http://schemas.android.com/apk/res/android"
3    package="com.example.uploadApp"
4    android:versionCode="1"
5    android:versionName="1.0" >
6
7    <uses-sdk
8        android:minSdkVersion="28"
8-->src\main\AndroidManifest.xml
9        android:targetSdkVersion="31" />
9-->src\main\AndroidManifest.xml
10
11    <uses-permission android:name="android.permission.CAMERA" />
11-->src\main\AndroidManifest.xml:6:5-65
11-->src\main\AndroidManifest.xml:6:22-62
12    <uses-permission android:name="android.permission.WRITE_EXTERNAL_STORAGE" />
12-->src\main\AndroidManifest.xml:7:5-81
12-->src\main\AndroidManifest.xml:7:22-78
13    <uses-permission android:name="android.permission.ACCESS_FINE_LOCATION" />
13-->src\main\AndroidManifest.xml:8:5-79
13-->src\main\AndroidManifest.xml:8:22-76
14    <uses-permission android:name="android.permission.ACCESS_COARSE_LOCATION" />
14-->src\main\AndroidManifest.xml:9:5-81
14-->src\main\AndroidManifest.xml:9:22-78
15    <uses-permission android:name="android.permission.INTERNET" />
15-->src\main\AndroidManifest.xml:10:5-67
15-->src\main\AndroidManifest.xml:10:22-64
16    <uses-permission android:name="android.permission.ACCESS_WIFI_STATE" />
16-->src\main\AndroidManifest.xml:11:5-76
16-->src\main\AndroidManifest.xml:11:22-73
17    <uses-permission android:name="android.permission.CHANGE_WIFI_STATE" />
17-->src\main\AndroidManifest.xml:12:5-76
17-->src\main\AndroidManifest.xml:12:22-73
18    <uses-permission android:name="android.permission.READ_EXTERNAL_STORAGE" />
18-->src\main\AndroidManifest.xml:13:5-80
18-->src\main\AndroidManifest.xml:13:22-77
19
20    <!-- Don't require camera, as this requires a rear camera. This allows it to work on the Nexus 7 -->
21    <uses-feature
21-->[com.journeyapps:zxing-android-embedded:4.3.0] AndroidManifest.xml:25:5-27:36
22        android:name="android.hardware.camera"
22-->[com.journeyapps:zxing-android-embedded:4.3.0] AndroidManifest.xml:26:9-47
23        android:required="false" />
23-->[com.journeyapps:zxing-android-embedded:4.3.0] AndroidManifest.xml:27:9-33
24    <uses-feature
24-->[com.journeyapps:zxing-android-embedded:4.3.0] AndroidManifest.xml:28:5-30:36
25        android:name="android.hardware.camera.front"
25-->[com.journeyapps:zxing-android-embedded:4.3.0] AndroidManifest.xml:29:9-53
26        android:required="false" /> <!-- TODO replace above two with next line after Android 4.2 -->
26-->[com.journeyapps:zxing-android-embedded:4.3.0] AndroidManifest.xml:30:9-33
27    <!-- <uses-feature android:name="android.hardware.camera.any"/> -->
28    <uses-feature
28-->[com.journeyapps:zxing-android-embedded:4.3.0] AndroidManifest.xml:33:5-35:36
29        android:name="android.hardware.camera.autofocus"
29-->[com.journeyapps:zxing-android-embedded:4.3.0] AndroidManifest.xml:34:9-57
30        android:required="false" />
30-->[com.journeyapps:zxing-android-embedded:4.3.0] AndroidManifest.xml:35:9-33
31    <uses-feature
31-->[com.journeyapps:zxing-android-embedded:4.3.0] AndroidManifest.xml:36:5-38:36
32        android:name="android.hardware.camera.flash"
32-->[com.journeyapps:zxing-android-embedded:4.3.0] AndroidManifest.xml:37:9-53
33        android:required="false" />
33-->[com.journeyapps:zxing-android-embedded:4.3.0] AndroidManifest.xml:38:9-33
34    <uses-feature
34-->[com.journeyapps:zxing-android-embedded:4.3.0] AndroidManifest.xml:39:5-41:36
35        android:name="android.hardware.screen.landscape"
35-->[com.journeyapps:zxing-android-embedded:4.3.0] AndroidManifest.xml:40:9-57
36        android:required="false" />
36-->[com.journeyapps:zxing-android-embedded:4.3.0] AndroidManifest.xml:41:9-33
37    <uses-feature
37-->[com.journeyapps:zxing-android-embedded:4.3.0] AndroidManifest.xml:42:5-44:36
38        android:name="android.hardware.wifi"
38-->[com.journeyapps:zxing-android-embedded:4.3.0] AndroidManifest.xml:43:9-45
39        android:required="false" />
39-->[com.journeyapps:zxing-android-embedded:4.3.0] AndroidManifest.xml:44:9-33
40
41    <application
41-->src\main\AndroidManifest.xml:16:5-58:19
42        android:allowBackup="true"
42-->src\main\AndroidManifest.xml:17:9-35
43        android:appComponentFactory="androidx.core.app.CoreComponentFactory"
43-->[androidx.core:core:1.7.0] AndroidManifest.xml:24:18-86
44        android:dataExtractionRules="@xml/data_extraction_rules"
44-->src\main\AndroidManifest.xml:18:9-65
45        android:debuggable="true"
46        android:extractNativeLibs="false"
47        android:fullBackupContent="@xml/backup_rules"
47-->src\main\AndroidManifest.xml:19:9-54
48        android:icon="@mipmap/ic_launcher"
48-->src\main\AndroidManifest.xml:20:9-43
49        android:label="Uploader"
49-->src\main\AndroidManifest.xml:21:9-33
50        android:supportsRtl="true"
50-->src\main\AndroidManifest.xml:22:9-35
51        android:testOnly="false"
51-->src\main\AndroidManifest.xml:23:9-33
52        android:theme="@style/Theme.UploadApp" >
52-->src\main\AndroidManifest.xml:24:9-47
53        <provider
53-->src\main\AndroidManifest.xml:27:9-35:20
54            android:name="androidx.core.content.FileProvider"
54-->src\main\AndroidManifest.xml:28:13-62
55            android:authorities="com.example.uploadApp.fileprovider"
55-->src\main\AndroidManifest.xml:29:13-69
56            android:exported="false"
56-->src\main\AndroidManifest.xml:30:13-37
57            android:grantUriPermissions="true" >
57-->src\main\AndroidManifest.xml:31:13-47
58            <meta-data
58-->src\main\AndroidManifest.xml:32:13-34:61
59                android:name="android.support.FILE_PROVIDER_PATHS"
59-->src\main\AndroidManifest.xml:33:17-67
60                android:resource="@xml/file_paths_public" />
60-->src\main\AndroidManifest.xml:34:17-58
61        </provider>
62
63        <activity
63-->src\main\AndroidManifest.xml:37:9-39:54
64            android:name="com.example.uploadApp.activity.GenerateQRCodeActivity"
64-->src\main\AndroidManifest.xml:38:13-60
65            android:screenOrientation="fullSensor" />
65-->src\main\AndroidManifest.xml:39:13-51
66        <activity
66-->src\main\AndroidManifest.xml:41:9-44:54
67            android:name="com.example.uploadApp.activity.ScanQRCodeActivity"
67-->src\main\AndroidManifest.xml:42:13-56
68            android:parentActivityName="com.example.uploadApp.activity.MainActivity"
68-->src\main\AndroidManifest.xml:43:13-64
69            android:screenOrientation="fullSensor" />
69-->src\main\AndroidManifest.xml:44:13-51
70        <activity
70-->src\main\AndroidManifest.xml:46:9-48:52
71            android:name="com.example.uploadApp.activity.MyCaptureActivity"
71-->src\main\AndroidManifest.xml:47:13-55
72            android:screenOrientation="portrait" />
72-->src\main\AndroidManifest.xml:48:13-49
73        <activity
73-->src\main\AndroidManifest.xml:50:9-57:20
74            android:name="com.example.uploadApp.activity.MainActivity"
74-->src\main\AndroidManifest.xml:51:13-50
75            android:exported="true" >
75-->src\main\AndroidManifest.xml:52:13-36
76            <intent-filter>
76-->src\main\AndroidManifest.xml:53:13-56:29
77                <action android:name="android.intent.action.MAIN" />
77-->src\main\AndroidManifest.xml:54:17-69
77-->src\main\AndroidManifest.xml:54:25-66
78
79                <category android:name="android.intent.category.LAUNCHER" />
79-->src\main\AndroidManifest.xml:55:17-77
79-->src\main\AndroidManifest.xml:55:27-74
80            </intent-filter>
81        </activity>
82        <activity
82-->[com.journeyapps:zxing-android-embedded:4.3.0] AndroidManifest.xml:47:9-53:63
83            android:name="com.journeyapps.barcodescanner.CaptureActivity"
83-->[com.journeyapps:zxing-android-embedded:4.3.0] AndroidManifest.xml:48:13-74
84            android:clearTaskOnLaunch="true"
84-->[com.journeyapps:zxing-android-embedded:4.3.0] AndroidManifest.xml:49:13-45
85            android:screenOrientation="sensorLandscape"
85-->[com.journeyapps:zxing-android-embedded:4.3.0] AndroidManifest.xml:50:13-56
86            android:stateNotNeeded="true"
86-->[com.journeyapps:zxing-android-embedded:4.3.0] AndroidManifest.xml:51:13-42
87            android:theme="@style/zxing_CaptureTheme"
87-->[com.journeyapps:zxing-android-embedded:4.3.0] AndroidManifest.xml:52:13-54
88            android:windowSoftInputMode="stateAlwaysHidden" />
88-->[com.journeyapps:zxing-android-embedded:4.3.0] AndroidManifest.xml:53:13-60
89        <activity
89-->[com.google.android.gms:play-services-base:18.0.1] AndroidManifest.xml:20:9-22:45
90            android:name="com.google.android.gms.common.api.GoogleApiActivity"
90-->[com.google.android.gms:play-services-base:18.0.1] AndroidManifest.xml:20:19-85
91            android:exported="false"
91-->[com.google.android.gms:play-services-base:18.0.1] AndroidManifest.xml:22:19-43
92            android:theme="@android:style/Theme.Translucent.NoTitleBar" />
92-->[com.google.android.gms:play-services-base:18.0.1] AndroidManifest.xml:21:19-78
93
94        <meta-data
94-->[com.google.android.gms:play-services-basement:18.0.0] AndroidManifest.xml:21:9-23:69
95            android:name="com.google.android.gms.version"
95-->[com.google.android.gms:play-services-basement:18.0.0] AndroidManifest.xml:22:13-58
96            android:value="@integer/google_play_services_version" />
96-->[com.google.android.gms:play-services-basement:18.0.0] AndroidManifest.xml:23:13-66
97
98        <provider
98-->[androidx.emoji2:emoji2:1.0.0] AndroidManifest.xml:26:9-34:20
99            android:name="androidx.startup.InitializationProvider"
99-->[androidx.emoji2:emoji2:1.0.0] AndroidManifest.xml:27:13-67
100            android:authorities="com.example.uploadApp.androidx-startup"
100-->[androidx.emoji2:emoji2:1.0.0] AndroidManifest.xml:28:13-68
101            android:exported="false" >
101-->[androidx.emoji2:emoji2:1.0.0] AndroidManifest.xml:29:13-37
102            <meta-data
102-->[androidx.emoji2:emoji2:1.0.0] AndroidManifest.xml:31:13-33:52
103                android:name="androidx.emoji2.text.EmojiCompatInitializer"
103-->[androidx.emoji2:emoji2:1.0.0] AndroidManifest.xml:32:17-75
104                android:value="androidx.startup" />
104-->[androidx.emoji2:emoji2:1.0.0] AndroidManifest.xml:33:17-49
105            <meta-data
105-->[androidx.lifecycle:lifecycle-process:2.4.0] AndroidManifest.xml:31:13-33:52
106                android:name="androidx.lifecycle.ProcessLifecycleInitializer"
106-->[androidx.lifecycle:lifecycle-process:2.4.0] AndroidManifest.xml:32:17-78
107                android:value="androidx.startup" />
107-->[androidx.lifecycle:lifecycle-process:2.4.0] AndroidManifest.xml:33:17-49
108        </provider>
109    </application>
110
111</manifest>